<?xml version="1.0" encoding="UTF-8"?>
<testng-results ignored="0" total="4" passed="4" failed="0" skipped="0">
  <reporter-output>
  </reporter-output>
  <suite started-at="2023-05-01T23:13:07 IST" name="Suite1" finished-at="2023-05-01T23:13:48 IST" duration-ms="40406">
    <groups>
      <group name="cucumber">
        <method signature="AbstractTestNGCucumberTests.runScenario(io.cucumber.testng.PickleWrapper,io.cucumber.testng.FeatureWrapper)[pri:0, instance:Testrunner.TestNgRunner@4659191b]" name="runScenario" class="io.cucumber.testng.AbstractTestNGCucumberTests"/>
      </group> <!-- cucumber -->
    </groups>
    <test started-at="2023-05-01T23:13:07 IST" name="TestNG Test" finished-at="2023-05-01T23:13:48 IST" duration-ms="40406">
      <class name="Testrunner.TestNgRunner">
        <test-method is-config="true" signature="setUpClass(org.testng.ITestContext)[pri:0, instance:Testrunner.TestNgRunner@4659191b]" started-at="2023-05-01T23:13:07 IST" name="setUpClass" finished-at="2023-05-01T23:13:08 IST" duration-ms="252" status="PASS">
          <params>
            <param index="0">
              <value>
                <![CDATA[org.testng.TestRunner@78452606]]>
              </value>
            </param>
          </params>
          <reporter-output>
          </reporter-output>
        </test-method> <!-- setUpClass -->
        <test-method signature="runScenario(io.cucumber.testng.PickleWrapper,io.cucumber.testng.FeatureWrapper)[pri:0, instance:Testrunner.TestNgRunner@4659191b]" started-at="2023-05-01T23:13:08 IST" name="runScenario" description="Runs Cucumber Scenarios" data-provider="scenarios" finished-at="2023-05-01T23:13:18 IST" duration-ms="9862" status="PASS">
          <params>
            <param index="0">
              <value>
                <![CDATA["Forgot password link"]]>
              </value>
            </param>
            <param index="1">
              <value>
                <![CDATA["Login page feature"]]>
              </value>
            </param>
          </params>
          <reporter-output>
          </reporter-output>
        </test-method> <!-- runScenario -->
        <test-method signature="runScenario(io.cucumber.testng.PickleWrapper,io.cucumber.testng.FeatureWrapper)[pri:0, instance:Testrunner.TestNgRunner@4659191b]" started-at="2023-05-01T23:13:18 IST" name="runScenario" description="Runs Cucumber Scenarios" data-provider="scenarios" finished-at="2023-05-01T23:13:25 IST" duration-ms="7852" status="PASS">
          <params>
            <param index="0">
              <value>
                <![CDATA["Login with correct credentials"]]>
              </value>
            </param>
            <param index="1">
              <value>
                <![CDATA["Login page feature"]]>
              </value>
            </param>
          </params>
          <reporter-output>
          </reporter-output>
        </test-method> <!-- runScenario -->
        <test-method signature="runScenario(io.cucumber.testng.PickleWrapper,io.cucumber.testng.FeatureWrapper)[pri:0, instance:Testrunner.TestNgRunner@4659191b]" started-at="2023-05-01T23:13:25 IST" name="runScenario" description="Runs Cucumber Scenarios" data-provider="scenarios" finished-at="2023-05-01T23:13:35 IST" duration-ms="9093" status="PASS">
          <params>
            <param index="0">
              <value>
                <![CDATA["Successful signup with valid credentials"]]>
              </value>
            </param>
            <param index="1">
              <value>
                <![CDATA["Signup"]]>
              </value>
            </param>
          </params>
          <reporter-output>
          </reporter-output>
        </test-method> <!-- runScenario -->
        <test-method signature="runScenario(io.cucumber.testng.PickleWrapper,io.cucumber.testng.FeatureWrapper)[pri:0, instance:Testrunner.TestNgRunner@4659191b]" started-at="2023-05-01T23:13:35 IST" name="runScenario" description="Runs Cucumber Scenarios" data-provider="scenarios" finished-at="2023-05-01T23:13:48 IST" duration-ms="13261" status="PASS">
          <params>
            <param index="0">
              <value>
                <![CDATA[": User enters the product and add to cart"]]>
              </value>
            </param>
            <param index="1">
              <value>
                <![CDATA["Search the product and add to cart"]]>
              </value>
            </param>
          </params>
          <reporter-output>
          </reporter-output>
        </test-method> <!-- runScenario -->
        <test-method is-config="true" signature="tearDownClass()[pri:0, instance:Testrunner.TestNgRunner@4659191b]" started-at="2023-05-01T23:13:48 IST" name="tearDownClass" finished-at="2023-05-01T23:13:48 IST" duration-ms="44" status="PASS">
          <reporter-output>
          </reporter-output>
        </test-method> <!-- tearDownClass -->
      </class> <!-- Testrunner.TestNgRunner -->
    </test> <!-- TestNG Test -->
  </suite> <!-- Suite1 -->
</testng-results>
