<?xml version="1.0" encoding="UTF-8"?>
<testsuite xmlns:xsi="http://www.w3.org/2001/XMLSchema-instance" xsi:noNamespaceSchemaLocation="https://maven.apache.org/surefire/maven-surefire-plugin/xsd/surefire-test-report-3.0.xsd" version="3.0" name="TestSuite" time="40.682" tests="4" errors="0" skipped="0" failures="0">
  <properties>
[...]
</properties>
  <testcase name="runScenario" classname="Testrunner.TestNgRunner" time="9.866"/>
  <testcase name="runScenario" classname="Testrunner.TestNgRunner" time="7.853"/>
  <testcase name="runScenario" classname="Testrunner.TestNgRunner" time="9.107"/>
  <testcase name="runScenario" classname="Testrunner.TestNgRunner" time="13.259"/>
</testsuite>